<?xml version="1.0" encoding="UTF-8"?>
<!-- Generated by org.testng.reporters.JUnitXMLReporter -->
<testsuite ignored="1" hostname="Thejas" failures="0" tests="1" name="Default test" time="4.615" errors="0" timestamp="17 Oct 2023 17:33:06 GMT">
  <testcase classname="com.sevenrmartsupermarket.tests.ManageOrdersTest" name="verifyDeletionStatus" time="1.707"/>
  <testcase classname="com.sevenrmartsupermarket.tests.ManageOrdersTest" name="verifyManageOrdersFunctionality" time="0.0">
    <ignored/>
  </testcase> <!-- verifyManageOrdersFunctionality -->
</testsuite> <!-- Default test -->
