<?xml version="1.0" encoding="UTF-8"?>
<!-- Generated by org.testng.reporters.JUnitXMLReporter -->
<testsuite ignored="5" hostname="Thejas" failures="0" tests="2" name="ExecutingSanityTest" time="59.94" errors="0" timestamp="13 Oct 2023 02:03:59 GMT">
  <testcase classname="com.sevenrmartsupermarket.tests.LoginTest" name="verifyStaffLogin" time="2.565"/>
  <testcase classname="com.sevenrmartsupermarket.tests.AdminUsersTest" name="verifyNewAdminUser" time="2.039"/>
  <testcase classname="com.sevenrmartsupermarket.tests.AdminUsersTest" name="verifyRandomAddress" time="0.0">
    <ignored/>
  </testcase> <!-- verifyRandomAddress -->
  <testcase classname="com.sevenrmartsupermarket.tests.LoginTest" name="verifyInvalidLoginScenario" time="0.0">
    <ignored/>
  </testcase> <!-- verifyInvalidLoginScenario -->
  <testcase classname="com.sevenrmartsupermarket.tests.AdminUsersTest" name="verifyDeactivateUser" time="0.0">
    <ignored/>
  </testcase> <!-- verifyDeactivateUser -->
  <testcase classname="com.sevenrmartsupermarket.tests.AdminUsersTest" name="verifyDeleteUser" time="0.0">
    <ignored/>
  </testcase> <!-- verifyDeleteUser -->
  <testcase classname="com.sevenrmartsupermarket.tests.LoginTest" name="verifyLoginFunctionality" time="0.0">
    <ignored/>
  </testcase> <!-- verifyLoginFunctionality -->
</testsuite> <!-- ExecutingSanityTest -->
