<?xml version="1.0" encoding="UTF-8"?>
<!-- Generated by org.testng.reporters.JUnitXMLReporter -->
<testsuite ignored="0" hostname="Thejas" failures="0" tests="4" name="RunningInEdge" time="59.041" errors="0" timestamp="12 Oct 2023 02:28:25 GMT">
  <testcase classname="com.sevenrmartsupermarket.tests.LoginTest" name="verifyInvalidLoginScenario" time="1.251"/>
  <testcase classname="com.sevenrmartsupermarket.tests.LoginTest" name="verifyLoginFunctionality" time="4.657"/>
  <testcase classname="com.sevenrmartsupermarket.tests.LoginTest" name="verifyStaffLogin" time="2.2"/>
  <testcase classname="com.sevenrmartsupermarket.tests.PushNotificationTest" name="verifyPushNotificationPageDisplayed" time="5.475"/>
</testsuite> <!-- RunningInEdge -->
