<?xml version="1.0" encoding="UTF-8"?>
<!-- Generated by org.testng.reporters.JUnitXMLReporter -->
<testsuite ignored="1" hostname="Thejas" failures="0" tests="2" name="LoginTest" time="11.444" errors="0" timestamp="13 Oct 2023 02:35:30 GMT">
  <testcase classname="com.sevenrmartsupermarket.tests.LoginTest" name="verifyLoginFunctionality" time="1.166"/>
  <testcase classname="com.sevenrmartsupermarket.tests.LoginTest" name="verifyStaffLogin" time="2.572"/>
  <testcase classname="com.sevenrmartsupermarket.tests.LoginTest" name="verifyInvalidLoginScenario" time="0.0">
    <ignored/>
  </testcase> <!-- verifyInvalidLoginScenario -->
</testsuite> <!-- LoginTest -->
