<?xml version="1.0" encoding="UTF-8"?>
<!-- Generated by org.testng.reporters.JUnitXMLReporter -->
<testsuite ignored="0" hostname="Thejas" failures="0" tests="3" name="SmokeTest" time="18.8" errors="0" timestamp="12 Oct 2023 02:07:07 GMT">
  <testcase classname="com.sevenrmartsupermarket.tests.LoginTest" name="verifyInvalidLoginScenario" time="0.981"/>
  <testcase classname="com.sevenrmartsupermarket.tests.LoginTest" name="verifyLoginFunctionality" time="1.119"/>
  <testcase classname="com.sevenrmartsupermarket.tests.LoginTest" name="verifyStaffLogin" time="1.724"/>
</testsuite> <!-- SmokeTest -->
